<?xml version="1.0" encoding="UTF-8" ?>
<testsuite failures="0" time="0.071" errors="1" skipped="0" tests="1" name="AbstractTest">
  <properties>
    <property name="java.runtime.name" value="Java(TM) SE Runtime Environment"/>
    <property name="sun.boot.library.path" value="/System/Library/Java/JavaVirtualMachines/1.6.0.jdk/Contents/Libraries"/>
    <property name="java.vm.version" value="20.1-b02-384"/>
    <property name="awt.nativeDoubleBuffering" value="true"/>
    <property name="gopherProxySet" value="false"/>
    <property name="mrj.build" value="10M3425"/>
    <property name="java.vm.vendor" value="Apple Inc."/>
    <property name="java.vendor.url" value="http://www.apple.com/"/>
    <property name="path.separator" value=":"/>
    <property name="java.vm.name" value="Java HotSpot(TM) 64-Bit Server VM"/>
    <property name="file.encoding.pkg" value="sun.io"/>
    <property name="user.country" value="ES"/>
    <property name="sun.java.launcher" value="SUN_STANDARD"/>
    <property name="sun.os.patch.level" value="unknown"/>
    <property name="java.vm.specification.name" value="Java Virtual Machine Specification"/>
    <property name="user.dir" value="/Users/ldsimonassi/temp/PointFighters"/>
    <property name="java.runtime.version" value="1.6.0_26-b03-384-10M3425"/>
    <property name="java.awt.graphicsenv" value="apple.awt.CGraphicsEnvironment"/>
    <property name="basedir" value="/Users/ldsimonassi/temp/PointFighters"/>
    <property name="java.endorsed.dirs" value="/System/Library/Java/JavaVirtualMachines/1.6.0.jdk/Contents/Home/lib/endorsed"/>
    <property name="os.arch" value="x86_64"/>
    <property name="surefire.real.class.path" value="/var/folders/ff/ffiW63h-HaCh4SIT+dnkWk+++TI/-Tmp-/surefirebooter6161505953028002296.jar"/>
    <property name="java.io.tmpdir" value="/var/folders/ff/ffiW63h-HaCh4SIT+dnkWk+++TI/-Tmp-/"/>
    <property name="line.separator" value="
"/>
    <property name="java.vm.specification.vendor" value="Sun Microsystems Inc."/>
    <property name="os.name" value="Mac OS X"/>
    <property name="sun.jnu.encoding" value="MacRoman"/>
    <property name="java.library.path" value=".:/Users/ldsimonassi/Library/Java/Extensions:/Library/Java/Extensions:/System/Library/Java/Extensions:/usr/lib/java"/>
    <property name="surefire.test.class.path" value="/Users/ldsimonassi/temp/PointFighters/target/test-classes:/Users/ldsimonassi/temp/PointFighters/target/classes:/Users/ldsimonassi/.m2/repository/junit/junit/4.8.2/junit-4.8.2.jar:/Users/ldsimonassi/.m2/repository/gsessions/gsessions/0.0.1/gsessions-0.0.1.jar:/Users/ldsimonassi/.m2/repository/commons-cli/commons-cli/1.2/commons-cli-1.2.jar:/Users/ldsimonassi/.m2/repository/org/apache/httpcomponents/httpcore/4.1.3/httpcore-4.1.3.jar:/Users/ldsimonassi/.m2/repository/org/apache/httpcomponents/httpclient/4.1.2/httpclient-4.1.2.jar:/Users/ldsimonassi/.m2/repository/commons-logging/commons-logging/1.1.1/commons-logging-1.1.1.jar:/Users/ldsimonassi/.m2/repository/commons-codec/commons-codec/1.4/commons-codec-1.4.jar:/Users/ldsimonassi/.m2/repository/org/codehaus/groovy/modules/http-builder/http-builder/0.5.1/http-builder-0.5.1.jar:/Users/ldsimonassi/.m2/repository/net/sf/json-lib/json-lib/2.3/json-lib-2.3-jdk15.jar:/Users/ldsimonassi/.m2/repository/commons-beanutils/commons-beanutils/1.8.0/commons-beanutils-1.8.0.jar:/Users/ldsimonassi/.m2/repository/commons-collections/commons-collections/3.2.1/commons-collections-3.2.1.jar:/Users/ldsimonassi/.m2/repository/commons-lang/commons-lang/2.4/commons-lang-2.4.jar:/Users/ldsimonassi/.m2/repository/net/sf/ezmorph/ezmorph/1.0.6/ezmorph-1.0.6.jar:/Users/ldsimonassi/.m2/repository/org/codehaus/groovy/groovy/1.7.11-SNAPSHOT/groovy-1.7.11-SNAPSHOT.jar:/Users/ldsimonassi/.m2/repository/antlr/antlr/2.7.7/antlr-2.7.7.jar:/Users/ldsimonassi/.m2/repository/asm/asm/3.2/asm-3.2.jar:/Users/ldsimonassi/.m2/repository/asm/asm-commons/3.2/asm-commons-3.2.jar:/Users/ldsimonassi/.m2/repository/asm/asm-util/3.2/asm-util-3.2.jar:/Users/ldsimonassi/.m2/repository/asm/asm-analysis/3.2/asm-analysis-3.2.jar:/Users/ldsimonassi/.m2/repository/asm/asm-tree/3.2/asm-tree-3.2.jar:/Users/ldsimonassi/.m2/repository/net/sourceforge/nekohtml/nekohtml/1.9.9/nekohtml-1.9.9.jar:/Users/ldsimonassi/.m2/repository/xerces/xercesImpl/2.8.1/xercesImpl-2.8.1.jar:/Users/ldsimonassi/.m2/repository/xml-apis/xml-apis/1.3.03/xml-apis-1.3.03.jar:/Users/ldsimonassi/.m2/repository/xml-resolver/xml-resolver/1.2/xml-resolver-1.2.jar:"/>
    <property name="java.specification.name" value="Java Platform API Specification"/>
    <property name="java.class.version" value="50.0"/>
    <property name="sun.management.compiler" value="HotSpot 64-Bit Tiered Compilers"/>
    <property name="os.version" value="10.6.8"/>
    <property name="http.nonProxyHosts" value="local|*.local|169.254/16|*.169.254/16"/>
    <property name="user.home" value="/Users/ldsimonassi"/>
    <property name="user.timezone" value=""/>
    <property name="java.awt.printerjob" value="apple.awt.CPrinterJob"/>
    <property name="java.specification.version" value="1.6"/>
    <property name="file.encoding" value="MacRoman"/>
    <property name="user.name" value="ldsimonassi"/>
    <property name="java.class.path" value="/Users/ldsimonassi/temp/PointFighters/target/test-classes:/Users/ldsimonassi/temp/PointFighters/target/classes:/Users/ldsimonassi/.m2/repository/junit/junit/4.8.2/junit-4.8.2.jar:/Users/ldsimonassi/.m2/repository/gsessions/gsessions/0.0.1/gsessions-0.0.1.jar:/Users/ldsimonassi/.m2/repository/commons-cli/commons-cli/1.2/commons-cli-1.2.jar:/Users/ldsimonassi/.m2/repository/org/apache/httpcomponents/httpcore/4.1.3/httpcore-4.1.3.jar:/Users/ldsimonassi/.m2/repository/org/apache/httpcomponents/httpclient/4.1.2/httpclient-4.1.2.jar:/Users/ldsimonassi/.m2/repository/commons-logging/commons-logging/1.1.1/commons-logging-1.1.1.jar:/Users/ldsimonassi/.m2/repository/commons-codec/commons-codec/1.4/commons-codec-1.4.jar:/Users/ldsimonassi/.m2/repository/org/codehaus/groovy/modules/http-builder/http-builder/0.5.1/http-builder-0.5.1.jar:/Users/ldsimonassi/.m2/repository/net/sf/json-lib/json-lib/2.3/json-lib-2.3-jdk15.jar:/Users/ldsimonassi/.m2/repository/commons-beanutils/commons-beanutils/1.8.0/commons-beanutils-1.8.0.jar:/Users/ldsimonassi/.m2/repository/commons-collections/commons-collections/3.2.1/commons-collections-3.2.1.jar:/Users/ldsimonassi/.m2/repository/commons-lang/commons-lang/2.4/commons-lang-2.4.jar:/Users/ldsimonassi/.m2/repository/net/sf/ezmorph/ezmorph/1.0.6/ezmorph-1.0.6.jar:/Users/ldsimonassi/.m2/repository/org/codehaus/groovy/groovy/1.7.11-SNAPSHOT/groovy-1.7.11-SNAPSHOT.jar:/Users/ldsimonassi/.m2/repository/antlr/antlr/2.7.7/antlr-2.7.7.jar:/Users/ldsimonassi/.m2/repository/asm/asm/3.2/asm-3.2.jar:/Users/ldsimonassi/.m2/repository/asm/asm-commons/3.2/asm-commons-3.2.jar:/Users/ldsimonassi/.m2/repository/asm/asm-util/3.2/asm-util-3.2.jar:/Users/ldsimonassi/.m2/repository/asm/asm-analysis/3.2/asm-analysis-3.2.jar:/Users/ldsimonassi/.m2/repository/asm/asm-tree/3.2/asm-tree-3.2.jar:/Users/ldsimonassi/.m2/repository/net/sourceforge/nekohtml/nekohtml/1.9.9/nekohtml-1.9.9.jar:/Users/ldsimonassi/.m2/repository/xerces/xercesImpl/2.8.1/xercesImpl-2.8.1.jar:/Users/ldsimonassi/.m2/repository/xml-apis/xml-apis/1.3.03/xml-apis-1.3.03.jar:/Users/ldsimonassi/.m2/repository/xml-resolver/xml-resolver/1.2/xml-resolver-1.2.jar:"/>
    <property name="java.vm.specification.version" value="1.0"/>
    <property name="sun.arch.data.model" value="64"/>
    <property name="java.home" value="/System/Library/Java/JavaVirtualMachines/1.6.0.jdk/Contents/Home"/>
    <property name="sun.java.command" value="/var/folders/ff/ffiW63h-HaCh4SIT+dnkWk+++TI/-Tmp-/surefirebooter6161505953028002296.jar /var/folders/ff/ffiW63h-HaCh4SIT+dnkWk+++TI/-Tmp-/surefire1323037760564315706tmp /var/folders/ff/ffiW63h-HaCh4SIT+dnkWk+++TI/-Tmp-/surefire5999341165181643550tmp"/>
    <property name="java.specification.vendor" value="Sun Microsystems Inc."/>
    <property name="user.language" value="es"/>
    <property name="awt.toolkit" value="apple.awt.CToolkit"/>
    <property name="java.vm.info" value="mixed mode"/>
    <property name="java.version" value="1.6.0_26"/>
    <property name="java.ext.dirs" value="/Users/ldsimonassi/Library/Java/Extensions:/Library/Java/Extensions:/System/Library/Java/Extensions:/System/Library/Java/JavaVirtualMachines/1.6.0.jdk/Contents/Home/lib/ext"/>
    <property name="sun.boot.class.path" value="/System/Library/Java/JavaVirtualMachines/1.6.0.jdk/Contents/Classes/jsfd.jar:/System/Library/Java/JavaVirtualMachines/1.6.0.jdk/Contents/Classes/classes.jar:/System/Library/Frameworks/JavaVM.framework/Frameworks/JavaRuntimeSupport.framework/Resources/Java/JavaRuntimeSupport.jar:/System/Library/Java/JavaVirtualMachines/1.6.0.jdk/Contents/Classes/ui.jar:/System/Library/Java/JavaVirtualMachines/1.6.0.jdk/Contents/Classes/laf.jar:/System/Library/Java/JavaVirtualMachines/1.6.0.jdk/Contents/Classes/sunrsasign.jar:/System/Library/Java/JavaVirtualMachines/1.6.0.jdk/Contents/Classes/jsse.jar:/System/Library/Java/JavaVirtualMachines/1.6.0.jdk/Contents/Classes/jce.jar:/System/Library/Java/JavaVirtualMachines/1.6.0.jdk/Contents/Classes/charsets.jar"/>
    <property name="java.vendor" value="Apple Inc."/>
    <property name="localRepository" value="/Users/ldsimonassi/.m2/repository"/>
    <property name="file.separator" value="/"/>
    <property name="java.vendor.url.bug" value="http://bugreport.apple.com/"/>
    <property name="sun.cpu.endian" value="little"/>
    <property name="sun.io.unicode.encoding" value="UnicodeLittle"/>
    <property name="mrj.version" value="1060.1.6.0_26-384"/>
    <property name="socksNonProxyHosts" value="local|*.local|169.254/16|*.169.254/16"/>
    <property name="ftp.nonProxyHosts" value="local|*.local|169.254/16|*.169.254/16"/>
    <property name="sun.cpu.isalist" value=""/>
  </properties>
  <testcase time="0.002" classname="AbstractTest" name="initializationError">
    <error message="No runnable methods" type="java.lang.Exception">java.lang.Exception: No runnable methods
	at org.junit.runners.BlockJUnit4ClassRunner.validateInstanceMethods(BlockJUnit4ClassRunner.java:177)
	at org.junit.runners.BlockJUnit4ClassRunner.collectInitializationErrors(BlockJUnit4ClassRunner.java:122)
	at org.junit.runners.ParentRunner.validate(ParentRunner.java:269)
	at org.junit.runners.ParentRunner.&lt;init&gt;(ParentRunner.java:66)
	at org.junit.runners.BlockJUnit4ClassRunner.&lt;init&gt;(BlockJUnit4ClassRunner.java:58)
	at org.junit.internal.builders.JUnit4Builder.runnerForClass(JUnit4Builder.java:13)
	at org.junit.runners.model.RunnerBuilder.safeRunnerForClass(RunnerBuilder.java:57)
	at org.junit.internal.builders.AllDefaultPossibilitiesBuilder.runnerForClass(AllDefaultPossibilitiesBuilder.java:29)
	at org.junit.runners.model.RunnerBuilder.safeRunnerForClass(RunnerBuilder.java:57)
	at org.junit.internal.requests.ClassRequest.getRunner(ClassRequest.java:24)
	at org.apache.maven.surefire.junit4.JUnit4TestSet.execute(JUnit4TestSet.java:51)
	at org.apache.maven.surefire.suite.AbstractDirectoryTestSuite.executeTestSet(AbstractDirectoryTestSuite.java:120)
	at org.apache.maven.surefire.suite.AbstractDirectoryTestSuite.execute(AbstractDirectoryTestSuite.java:103)
	at org.apache.maven.surefire.Surefire.run(Surefire.java:169)
	at sun.reflect.NativeMethodAccessorImpl.invoke0(Native Method)
	at sun.reflect.NativeMethodAccessorImpl.invoke(NativeMethodAccessorImpl.java:39)
	at sun.reflect.DelegatingMethodAccessorImpl.invoke(DelegatingMethodAccessorImpl.java:25)
	at java.lang.reflect.Method.invoke(Method.java:597)
	at org.apache.maven.surefire.booter.SurefireBooter.runSuitesInProcess(SurefireBooter.java:350)
	at org.apache.maven.surefire.booter.SurefireBooter.main(SurefireBooter.java:1021)
</error>
  </testcase>
</testsuite>